# JRE version: Java(TM) SE Runtime Environment (8.0_241-b07) (build 1.8.0_241-b07)
# Java VM: Java HotSpot(TM) 64-Bit Server VM (25.241-b07 mixed mode windows-amd64 compressed oops)
Heap:
 PSYoungGen      total 467968K, used 445546K [0x00000000e0000000, 0x0000000100000000, 0x0000000100000000)
  eden space 415744K, 97% used [0x00000000e0000000,0x00000000f8b8af10,0x00000000f9600000)
  from space 52224K, 77% used [0x00000000f9600000,0x00000000fbd8f9d8,0x00000000fc900000)
  to   space 55808K, 0% used [0x00000000fc980000,0x00000000fc980000,0x0000000100000000)
 ParOldGen       total 216064K, used 61119K [0x00000000a0000000, 0x00000000ad300000, 0x00000000e0000000)
  object space 216064K, 28% used [0x00000000a0000000,0x00000000a3bafd78,0x00000000ad300000)
 Metaspace       used 116402K, capacity 120856K, committed 121432K, reserved 1155072K
  class space    used 14677K, capacity 15558K, committed 15744K, reserved 1048576K
GC Heap History (10 events):
Event: 2429.110 GC heap before
{Heap before GC invocations=35 (full 4):
 PSYoungGen      total 438272K, used 435190K [0x00000000e0000000, 0x0000000100000000, 0x0000000100000000)
  eden space 391168K, 100% used [0x00000000e0000000,0x00000000f7e00000,0x00000000f7e00000)
  from space 47104K, 93% used [0x00000000fb100000,0x00000000fdbfdb90,0x00000000fdf00000)
  to   space 52224K, 0% used [0x00000000f7e00000,0x00000000f7e00000,0x00000000fb100000)
 ParOldGen       total 216064K, used 50946K [0x00000000a0000000, 0x00000000ad300000, 0x00000000e0000000)
  object space 216064K, 23% used [0x00000000a0000000,0x00000000a31c0ae8,0x00000000ad300000)
 Metaspace       used 93801K, capacity 96656K, committed 99544K, reserved 1136640K
  class space    used 11956K, capacity 12524K, committed 13056K, reserved 1048576K
Event: 2429.116 GC heap after
Heap after GC invocations=35 (full 4):
 PSYoungGen      total 443392K, used 1992K [0x00000000e0000000, 0x0000000100000000, 0x0000000100000000)
  eden space 391168K, 0% used [0x00000000e0000000,0x00000000e0000000,0x00000000f7e00000)
  from space 52224K, 3% used [0x00000000f7e00000,0x00000000f7ff22c0,0x00000000fb100000)
  to   space 53760K, 0% used [0x00000000fcb80000,0x00000000fcb80000,0x0000000100000000)
 ParOldGen       total 216064K, used 50946K [0x00000000a0000000, 0x00000000ad300000, 0x00000000e0000000)
  object space 216064K, 23% used [0x00000000a0000000,0x00000000a31c0ae8,0x00000000ad300000)
 Metaspace       used 93801K, capacity 96656K, committed 99544K, reserved 1136640K
  class space    used 11956K, capacity 12524K, committed 13056K, reserved 1048576K
}
Event: 2438.526 GC heap before
{Heap before GC invocations=36 (full 4):
 PSYoungGen      total 443392K, used 393160K [0x00000000e0000000, 0x0000000100000000, 0x0000000100000000)
  eden space 391168K, 100% used [0x00000000e0000000,0x00000000f7e00000,0x00000000f7e00000)
  from space 52224K, 3% used [0x00000000f7e00000,0x00000000f7ff22c0,0x00000000fb100000)
  to   space 53760K, 0% used [0x00000000fcb80000,0x00000000fcb80000,0x0000000100000000)
 ParOldGen       total 216064K, used 50946K [0x00000000a0000000, 0x00000000ad300000, 0x00000000e0000000)
  object space 216064K, 23% used [0x00000000a0000000,0x00000000a31c0ae8,0x00000000ad300000)
 Metaspace       used 94896K, capacity 97788K, committed 100696K, reserved 1136640K
  class space    used 12076K, capacity 12636K, committed 13184K, reserved 1048576K
Event: 2438.536 GC heap after
Heap after GC invocations=36 (full 4):
 PSYoungGen      total 469504K, used 4400K [0x00000000e0000000, 0x0000000100000000, 0x0000000100000000)
  eden space 415744K, 0% used [0x00000000e0000000,0x00000000e0000000,0x00000000f9600000)
  from space 53760K, 8% used [0x00000000fcb80000,0x00000000fcfcc2a8,0x0000000100000000)
  to   space 54272K, 0% used [0x00000000f9600000,0x00000000f9600000,0x00000000fcb00000)
 ParOldGen       total 216064K, used 52334K [0x00000000a0000000, 0x00000000ad300000, 0x00000000e0000000)
  object space 216064K, 24% used [0x00000000a0000000,0x00000000a331b838,0x00000000ad300000)
 Metaspace       used 94896K, capacity 97788K, committed 100696K, reserved 1136640K
  class space    used 12076K, capacity 12636K, committed 13184K, reserved 1048576K
}
Event: 2460.413 GC heap before
{Heap before GC invocations=37 (full 4):
 PSYoungGen      total 469504K, used 420144K [0x00000000e0000000, 0x0000000100000000, 0x0000000100000000)
  eden space 415744K, 100% used [0x00000000e0000000,0x00000000f9600000,0x00000000f9600000)
  from space 53760K, 8% used [0x00000000fcb80000,0x00000000fcfcc2a8,0x0000000100000000)
  to   space 54272K, 0% used [0x00000000f9600000,0x00000000f9600000,0x00000000fcb00000)
 ParOldGen       total 216064K, used 52334K [0x00000000a0000000, 0x00000000ad300000, 0x00000000e0000000)
  object space 216064K, 24% used [0x00000000a0000000,0x00000000a331b838,0x00000000ad300000)
 Metaspace       used 98393K, capacity 101606K, committed 103768K, reserved 1138688K
  class space    used 12533K, capacity 13187K, committed 13696K, reserved 1048576K
Event: 2460.442 GC heap after
Heap after GC invocations=37 (full 4):
 PSYoungGen      total 433664K, used 17660K [0x00000000e0000000, 0x00000000ffb80000, 0x0000000100000000)
  eden space 415744K, 0% used [0x00000000e0000000,0x00000000e0000000,0x00000000f9600000)
  from space 17920K, 98% used [0x00000000f9600000,0x00000000fa73f368,0x00000000fa780000)
  to   space 51712K, 0% used [0x00000000fc900000,0x00000000fc900000,0x00000000ffb80000)
 ParOldGen       total 216064K, used 52414K [0x00000000a0000000, 0x00000000ad300000, 0x00000000e0000000)
  object space 216064K, 24% used [0x00000000a0000000,0x00000000a332f848,0x00000000ad300000)
 Metaspace       used 98393K, capacity 101606K, committed 103768K, reserved 1138688K
  class space    used 12533K, capacity 13187K, committed 13696K, reserved 1048576K
}
Event: 2475.635 GC heap before
{Heap before GC invocations=38 (full 4):
 PSYoungGen      total 433664K, used 433404K [0x00000000e0000000, 0x00000000ffb80000, 0x0000000100000000)
  eden space 415744K, 100% used [0x00000000e0000000,0x00000000f9600000,0x00000000f9600000)
  from space 17920K, 98% used [0x00000000f9600000,0x00000000fa73f368,0x00000000fa780000)
  to   space 51712K, 0% used [0x00000000fc900000,0x00000000fc900000,0x00000000ffb80000)
 ParOldGen       total 216064K, used 52414K [0x00000000a0000000, 0x00000000ad300000, 0x00000000e0000000)
  object space 216064K, 24% used [0x00000000a0000000,0x00000000a332f848,0x00000000ad300000)
 Metaspace       used 99321K, capacity 102654K, committed 104536K, reserved 1140736K
  class space    used 12630K, capacity 13289K, committed 13696K, reserved 1048576K
Event: 2475.689 GC heap after
Heap after GC invocations=38 (full 4):
 PSYoungGen      total 467456K, used 30443K [0x00000000e0000000, 0x0000000100000000, 0x0000000100000000)
  eden space 415744K, 0% used [0x00000000e0000000,0x00000000e0000000,0x00000000f9600000)
  from space 51712K, 58% used [0x00000000fc900000,0x00000000fe6bae78,0x00000000ffb80000)
  to   space 52224K, 0% used [0x00000000f9600000,0x00000000f9600000,0x00000000fc900000)
 ParOldGen       total 216064K, used 60281K [0x00000000a0000000, 0x00000000ad300000, 0x00000000e0000000)
  object space 216064K, 27% used [0x00000000a0000000,0x00000000a3ade588,0x00000000ad300000)
 Metaspace       used 99321K, capacity 102654K, committed 104536K, reserved 1140736K
  class space    used 12630K, capacity 13289K, committed 13696K, reserved 1048576K
}
Event: 2481.757 GC heap before
{Heap before GC invocations=39 (full 4):
 PSYoungGen      total 467456K, used 446187K [0x00000000e0000000, 0x0000000100000000, 0x0000000100000000)
  eden space 415744K, 100% used [0x00000000e0000000,0x00000000f9600000,0x00000000f9600000)
  from space 51712K, 58% used [0x00000000fc900000,0x00000000fe6bae78,0x00000000ffb80000)
  to   space 52224K, 0% used [0x00000000f9600000,0x00000000f9600000,0x00000000fc900000)
 ParOldGen       total 216064K, used 60281K [0x00000000a0000000, 0x00000000ad300000, 0x00000000e0000000)
  object space 216064K, 27% used [0x00000000a0000000,0x00000000a3ade588,0x00000000ad300000)
 Metaspace       used 115192K, capacity 119576K, committed 120280K, reserved 1155072K
  class space    used 14616K, capacity 15512K, committed 15616K, reserved 1048576K
Event: 2481.806 GC heap after
Heap after GC invocations=39 (full 4):
 PSYoungGen      total 467968K, used 40510K [0x00000000e0000000, 0x0000000100000000, 0x0000000100000000)
  eden space 415744K, 0% used [0x00000000e0000000,0x00000000e0000000,0x00000000f9600000)
  from space 52224K, 77% used [0x00000000f9600000,0x00000000fbd8f9d8,0x00000000fc900000)
  to   space 55808K, 0% used [0x00000000fc980000,0x00000000fc980000,0x0000000100000000)
 ParOldGen       total 216064K, used 61119K [0x00000000a0000000, 0x00000000ad300000, 0x00000000e0000000)
  object space 216064K, 28% used [0x00000000a0000000,0x00000000a3bafd78,0x00000000ad300000)
 Metaspace       used 115192K, capacity 119576K, committed 120280K, reserved 1155072K
  class space    used 14616K, capacity 15512K, committed 15616K, reserved 1048576K
}

